16:28:04.511 [main] INFO  Repository.browser_Invoke - Sunlife URL is launched
16:28:09.297 [main] INFO  Repository.browser_Invoke - DOB is entered
16:28:11.385 [main] INFO  Repository.browser_Invoke - Male is selected
16:28:11.512 [main] INFO  Repository.browser_Invoke - Smoke is checked
16:28:11.629 [main] INFO  Repository.browser_Invoke - Province is entered
16:29:53.797 [main] INFO  Repository.browser_Invoke - Sunlife URL is launched
16:29:53.802 [main] INFO  Repository.browser_Invoke - Sunlife URL is launched
16:29:53.802 [main] INFO  Repository.browser_Invoke - Sunlife URL is launched
16:29:53.802 [main] INFO  Repository.browser_Invoke - Sunlife URL is launched
16:29:53.802 [main] INFO  Repository.browser_Invoke - Sunlife URL is launched
16:29:53.848 [main] INFO  Repository.browser_Invoke - Sunlife URL is launched
16:29:53.848 [main] INFO  Repository.browser_Invoke - Sunlife URL is launched
16:29:57.908 [main] INFO  Repository.browser_Invoke - DOB is entered
16:30:00.047 [main] INFO  Repository.browser_Invoke - Male is selected
16:30:00.171 [main] INFO  Repository.browser_Invoke - Smoke is checked
16:30:00.426 [main] INFO  Repository.browser_Invoke - Province is entered
16:30:54.722 [main] INFO  Repository.browser_Invoke - Sunlife URL is launched
16:30:54.729 [main] INFO  Repository.browser_Invoke - Sunlife URL is launched
16:30:54.729 [main] INFO  Repository.browser_Invoke - Sunlife URL is launched
16:30:54.729 [main] INFO  Repository.browser_Invoke - Sunlife URL is launched
16:30:54.729 [main] INFO  Repository.browser_Invoke - Sunlife URL is launched
16:30:54.729 [main] INFO  Repository.browser_Invoke - Sunlife URL is launched
16:30:54.730 [main] INFO  Repository.browser_Invoke - Sunlife URL is launched
16:30:59.900 [main] INFO  Repository.browser_Invoke - DOB is entered
16:31:02.022 [main] INFO  Repository.browser_Invoke - Male is selected
16:31:02.134 [main] INFO  Repository.browser_Invoke - Smoke is checked
16:31:02.405 [main] INFO  Repository.browser_Invoke - Province is entered
16:41:09.687 [main] INFO  Repository.browser_Invoke - Sunlife URL is launched
16:41:13.085 [main] INFO  Repository.browser_Invoke - DOB is entered
16:41:15.272 [main] INFO  Repository.browser_Invoke - Male is selected
16:41:15.378 [main] INFO  Repository.browser_Invoke - Smoke is checked
16:41:15.560 [main] INFO  Repository.browser_Invoke - Province is entered
17:54:52.352 [main] INFO  Repository.browser_Invoke - Sunlife URL is launched
17:54:55.703 [main] INFO  Repository.browser_Invoke - DOB is entered
17:54:57.799 [main] INFO  Repository.browser_Invoke - Male is selected
17:54:57.901 [main] INFO  Repository.browser_Invoke - Smoke is checked
17:54:58.066 [main] INFO  Repository.browser_Invoke - Province is entered
17:57:55.824 [main] INFO  Repository.browser_Invoke - Sunlife URL is launched
17:57:59.320 [main] INFO  Repository.browser_Invoke - DOB is entered
17:58:01.415 [main] INFO  Repository.browser_Invoke - Male is selected
17:58:01.526 [main] INFO  Repository.browser_Invoke - Smoke is checked
17:58:01.710 [main] INFO  Repository.browser_Invoke - Province is entered
18:05:58.237 [main] INFO  Repository.browser_Invoke - Sunlife URL is launched
18:06:01.940 [main] INFO  Repository.browser_Invoke - DOB is entered
18:06:04.035 [main] INFO  Repository.browser_Invoke - Male is selected
18:06:04.159 [main] INFO  Repository.browser_Invoke - Smoke is checked
18:06:04.327 [main] INFO  Repository.browser_Invoke - Province is entered
18:06:41.715 [main] INFO  Repository.browser_Invoke - Sunlife URL is launched
18:06:45.115 [main] INFO  Repository.browser_Invoke - DOB is entered
18:06:47.234 [main] INFO  Repository.browser_Invoke - Male is selected
18:06:47.355 [main] INFO  Repository.browser_Invoke - Smoke is checked
18:06:47.472 [main] INFO  Repository.browser_Invoke - Province is entered
18:11:32.974 [main] INFO  Repository.browser_Invoke - Sunlife URL is launched
18:11:37.824 [main] INFO  Repository.browser_Invoke - DOB is entered
18:11:39.916 [main] INFO  Repository.browser_Invoke - Male is selected
18:11:40.025 [main] INFO  Repository.browser_Invoke - Smoke is checked
18:11:40.194 [main] INFO  Repository.browser_Invoke - Province is entered
18:12:41.898 [main] INFO  Repository.browser_Invoke - Sunlife URL is launched
18:12:45.111 [main] INFO  Repository.browser_Invoke - DOB is entered
18:12:47.198 [main] INFO  Repository.browser_Invoke - Male is selected
18:12:47.281 [main] INFO  Repository.browser_Invoke - Smoke is checked
18:12:47.462 [main] INFO  Repository.browser_Invoke - Province is entered
18:13:30.665 [main] INFO  Repository.browser_Invoke - Sunlife URL is launched
18:13:36.531 [main] INFO  Repository.browser_Invoke - DOB is entered
18:13:38.617 [main] INFO  Repository.browser_Invoke - Male is selected
18:13:38.711 [main] INFO  Repository.browser_Invoke - Smoke is checked
18:13:38.881 [main] INFO  Repository.browser_Invoke - Province is entered
18:15:04.252 [main] INFO  Repository.browser_Invoke - Sunlife URL is launched
18:15:07.827 [main] INFO  Repository.browser_Invoke - DOB is entered
18:15:09.931 [main] INFO  Repository.browser_Invoke - Male is selected
18:15:10.060 [main] INFO  Repository.browser_Invoke - Smoke is checked
18:15:10.281 [main] INFO  Repository.browser_Invoke - Province is entered
18:17:16.552 [main] INFO  Repository.browser_Invoke - Sunlife URL is launched
18:17:20.685 [main] INFO  Repository.browser_Invoke - DOB is entered
18:17:23.065 [main] INFO  Repository.browser_Invoke - Male is selected
18:17:23.226 [main] INFO  Repository.browser_Invoke - Smoke is checked
18:17:23.372 [main] INFO  Repository.browser_Invoke - Province is entered
18:20:02.208 [main] INFO  Repository.browser_Invoke - Sunlife URL is launched
18:20:05.475 [main] INFO  Repository.browser_Invoke - DOB is entered
18:20:07.586 [main] INFO  Repository.browser_Invoke - Male is selected
18:20:07.674 [main] INFO  Repository.browser_Invoke - Smoke is checked
18:20:07.835 [main] INFO  Repository.browser_Invoke - Province is entered
18:22:12.750 [main] INFO  Repository.browser_Invoke - Sunlife URL is launched
18:22:16.681 [main] INFO  Repository.browser_Invoke - DOB is entered
18:22:18.789 [main] INFO  Repository.browser_Invoke - Male is selected
18:22:18.914 [main] INFO  Repository.browser_Invoke - Smoke is checked
18:22:19.023 [main] INFO  Repository.browser_Invoke - Province is entered
18:24:44.314 [main] INFO  Repository.browser_Invoke - Sunlife URL is launched
18:24:47.554 [main] INFO  Repository.browser_Invoke - DOB is entered
18:24:49.645 [main] INFO  Repository.browser_Invoke - Male is selected
18:24:49.750 [main] INFO  Repository.browser_Invoke - Smoke is checked
18:24:49.915 [main] INFO  Repository.browser_Invoke - Province is entered
18:28:53.081 [main] INFO  Repository.browser_Invoke - Sunlife URL is launched
18:28:56.496 [main] INFO  Repository.browser_Invoke - DOB is entered
18:28:58.619 [main] INFO  Repository.browser_Invoke - Male is selected
18:28:58.742 [main] INFO  Repository.browser_Invoke - Smoke is checked
18:28:58.917 [main] INFO  Repository.browser_Invoke - Province is entered
00:35:25.295 [main] INFO  Repository.browser_Invoke - Sunlife URL is launched
00:35:28.955 [main] INFO  Repository.browser_Invoke - DOB is entered
00:35:31.057 [main] INFO  Repository.browser_Invoke - Male is selected
00:35:31.136 [main] INFO  Repository.browser_Invoke - Smoke is checked
00:35:31.285 [main] INFO  Repository.browser_Invoke - Province is entered
00:44:20.930 [main] INFO  Repository.browser_Invoke - Sunlife URL is launched
00:44:24.280 [main] INFO  Repository.browser_Invoke - DOB is entered
00:44:26.394 [main] INFO  Repository.browser_Invoke - Male is selected
00:44:26.511 [main] INFO  Repository.browser_Invoke - Smoke is checked
00:44:26.685 [main] INFO  Repository.browser_Invoke - Province is entered
01:11:14.090 [main] INFO  Repository.browser_Invoke - Sunlife URL is launched
01:11:20.055 [main] INFO  Repository.browser_Invoke - DOB is entered
01:11:22.142 [main] INFO  Repository.browser_Invoke - Male is selected
01:11:22.257 [main] INFO  Repository.browser_Invoke - Smoke is checked
01:11:22.412 [main] INFO  Repository.browser_Invoke - Province is entered
10:14:06.930 [main] INFO  Repository.browser_Invoke - Sunlife URL is launched
10:14:10.718 [main] INFO  Repository.browser_Invoke - DOB is entered
10:14:12.834 [main] INFO  Repository.browser_Invoke - Male is selected
10:14:12.953 [main] INFO  Repository.browser_Invoke - Smoke is checked
10:14:13.142 [main] INFO  Repository.browser_Invoke - Province is entered
16:53:51.093 [main] INFO  Repository.browser_Invoke - Sunlife URL is launched
17:52:56.524 [main] INFO  Repository.browser_Invoke - Sunlife URL is launched
17:53:05.255 [main] INFO  Repository.browser_Invoke - DOB is entered
17:53:07.533 [main] INFO  Repository.browser_Invoke - Male is selected
17:53:07.777 [main] INFO  Repository.browser_Invoke - Smoke is checked
17:53:08.300 [main] INFO  Repository.browser_Invoke - Province is entered
17:57:20.594 [main] INFO  Repository.browser_Invoke - Sunlife URL is launched
17:59:47.906 [main] INFO  Repository.browser_Invoke - Sunlife URL is launched
17:59:52.723 [main] INFO  Repository.browser_Invoke - DOB is entered
17:59:54.996 [main] INFO  Repository.browser_Invoke - Male is selected
17:59:55.262 [main] INFO  Repository.browser_Invoke - Smoke is checked
17:59:55.590 [main] INFO  Repository.browser_Invoke - Province is entered
18:05:45.852 [main] INFO  Repository.browser_Invoke - Sunlife URL is launched
18:05:49.718 [main] INFO  Repository.browser_Invoke - DOB is entered
18:05:51.826 [main] INFO  Repository.browser_Invoke - Male is selected
18:05:51.923 [main] INFO  Repository.browser_Invoke - Smoke is checked
18:05:52.090 [main] INFO  Repository.browser_Invoke - Province is entered
18:21:53.966 [main] INFO  Repository.browser_Invoke - Sunlife URL is launched
18:21:58.757 [main] INFO  Repository.browser_Invoke - DOB is entered
18:22:01.016 [main] INFO  Repository.browser_Invoke - Male is selected
18:22:01.263 [main] INFO  Repository.browser_Invoke - Smoke is checked
18:22:01.635 [main] INFO  Repository.browser_Invoke - Province is entered
18:24:50.171 [main] INFO  Repository.browser_Invoke - Sunlife URL is launched
18:24:54.306 [main] INFO  Repository.browser_Invoke - DOB is entered
18:24:56.592 [main] INFO  Repository.browser_Invoke - Male is selected
18:24:56.849 [main] INFO  Repository.browser_Invoke - Smoke is checked
18:24:57.343 [main] INFO  Repository.browser_Invoke - Province is entered
23:30:18.920 [main] INFO  Repository.browser_Invoke - Sunlife URL is launched
23:30:24.057 [main] INFO  Repository.browser_Invoke - DOB is entered
23:30:26.243 [main] INFO  Repository.browser_Invoke - Male is selected
23:30:26.348 [main] INFO  Repository.browser_Invoke - Smoke is checked
23:30:26.855 [main] INFO  Repository.browser_Invoke - Province is entered
14:25:38.691 [main] INFO  Repository.browser_Invoke - Sunlife URL is launched
14:25:44.292 [main] INFO  Repository.browser_Invoke - DOB is entered
14:25:46.437 [main] INFO  Repository.browser_Invoke - Male is selected
14:25:46.532 [main] INFO  Repository.browser_Invoke - Smoke is checked
14:25:46.722 [main] INFO  Repository.browser_Invoke - Province is entered
14:26:12.013 [main] INFO  Repository.browser_Invoke - Sunlife URL is launched
14:26:17.014 [main] INFO  Repository.browser_Invoke - DOB is entered
14:26:19.116 [main] INFO  Repository.browser_Invoke - Male is selected
14:26:19.226 [main] INFO  Repository.browser_Invoke - Smoke is checked
14:26:19.423 [main] INFO  Repository.browser_Invoke - Province is entered
